<?xml version="1.0" encoding="UTF-8"?>
<!-- Generated by org.testng.reporters.JUnitReportReporter -->
<testsuite hostname="INLEN8520053136" failures="0" tests="1" name="pagefactorylogin.SignupTest" time="9.383" errors="0" timestamp="2022-06-10T10:30:53 IST" skipped="0">
  <testcase classname="pagefactorylogin.SignupTest" name="SignupTest" time="9.383"/>
  <system-out/>
</testsuite> <!-- pagefactorylogin.SignupTest -->
