<?xml version="1.0" encoding="UTF-8"?>
<!-- Generated by org.testng.reporters.JUnitReportReporter -->
<testsuite hostname="INLEN8520053136" failures="0" tests="1" name="pagefactorylogin.loginrunner" time="19.824" errors="0" timestamp="2022-06-10T10:29:06 IST" skipped="0">
  <testcase classname="pagefactorylogin.loginrunner" name="login" time="19.824"/>
  <system-out/>
</testsuite> <!-- pagefactorylogin.loginrunner -->
