<?xml version="1.0" encoding="UTF-8"?>
<!-- Generated by org.testng.reporters.JUnitReportReporter -->
<testsuite hostname="INLEN8520053136" failures="0" tests="1" name="BookStore.GETBook" time="1.812" errors="0" timestamp="2022-06-04T23:08:09 IST" skipped="0">
  <testcase classname="BookStore.GETBook" name="f" time="1.812"/>
  <system-out/>
</testsuite> <!-- BookStore.GETBook -->
