<?xml version="1.0" encoding="UTF-8"?>
<!-- Generated by org.testng.reporters.JUnitReportReporter -->
<testsuite hostname="INLEN8520053136" failures="0" tests="1" name="Account.POSTUser" time="1.672" errors="0" timestamp="2022-06-04T22:52:15 IST" skipped="0">
  <testcase classname="Account.POSTUser" name="f" time="1.672"/>
  <system-out/>
</testsuite> <!-- Account.POSTUser -->
