<?xml version="1.0" encoding="UTF-8"?>
<!-- Generated by org.testng.reporters.JUnitReportReporter -->
<testsuite hostname="INLEN8520053136" failures="0" tests="1" name="Account.POSTAuthorized" time="2.090" errors="0" timestamp="2022-06-04T22:49:42 IST" skipped="0">
  <testcase classname="Account.POSTAuthorized" name="f" time="2.090"/>
  <system-out/>
</testsuite> <!-- Account.POSTAuthorized -->
