<?xml version="1.0" encoding="UTF-8"?>
<!-- Generated by org.testng.reporters.JUnitReportReporter -->
<testsuite hostname="INLEN8520053136" failures="0" tests="1" name="BookStore.PUTModifyBookToStore" time="1.971" errors="0" timestamp="2022-06-05T20:25:02 IST" skipped="0">
  <testcase classname="BookStore.PUTModifyBookToStore" name="f" time="1.971"/>
  <system-out/>
</testsuite> <!-- BookStore.PUTModifyBookToStore -->
