<?xml version="1.0" encoding="UTF-8"?>
<!-- Generated by org.testng.reporters.JUnitReportReporter -->
<testsuite hostname="INLEN8520053136" failures="0" tests="1" name="BookStore.DELETEBookWithUSERID" time="1.783" errors="0" timestamp="2022-06-04T22:59:54 IST" skipped="0">
  <testcase classname="BookStore.DELETEBookWithUSERID" name="f" time="1.783"/>
  <system-out/>
</testsuite> <!-- BookStore.DELETEBookWithUSERID -->
