<?xml version="1.0" encoding="UTF-8"?>
<!-- Generated by org.testng.reporters.JUnitReportReporter -->
<testsuite hostname="INLEN8520053136" failures="0" tests="1" name="BookStore.GETBookISBN" time="2.165" errors="0" timestamp="2022-06-04T23:02:40 IST" skipped="0">
  <testcase classname="BookStore.GETBookISBN" name="f" time="2.165"/>
  <system-out/>
</testsuite> <!-- BookStore.GETBookISBN -->
