<?xml version="1.0" encoding="UTF-8"?>
<!-- Generated by org.testng.reporters.JUnitReportReporter -->
<testsuite hostname="INLEN8520053136" failures="0" tests="1" name="Account.POSTGenerateToken" time="2.052" errors="0" timestamp="2022-06-04T22:50:20 IST" skipped="0">
  <testcase classname="Account.POSTGenerateToken" name="f" time="2.052"/>
  <system-out/>
</testsuite> <!-- Account.POSTGenerateToken -->
