<?xml version="1.0" encoding="UTF-8"?>
<!-- Generated by org.testng.reporters.JUnitReportReporter -->
<testsuite hostname="INLEN8520053136" failures="0" tests="1" name="Account.DELETEUser" time="1.865" errors="0" timestamp="2022-06-04T22:48:54 IST" skipped="0">
  <testcase classname="Account.DELETEUser" name="f" time="1.865"/>
  <system-out/>
</testsuite> <!-- Account.DELETEUser -->
