<?xml version="1.0" encoding="UTF-8"?>
<!-- Generated by org.testng.reporters.JUnitReportReporter -->
<testsuite hostname="INLEN8520053136" failures="0" tests="1" name="BookStore.DELETEBook" time="1.764" errors="0" timestamp="2022-06-04T23:01:12 IST" skipped="0">
  <testcase classname="BookStore.DELETEBook" name="f" time="1.764"/>
  <system-out/>
</testsuite> <!-- BookStore.DELETEBook -->
